<?xml version="1.0" encoding="UTF-8"?>
<!-- Generated by org.testng.reporters.JUnitXMLReporter -->
<testsuite hostname="DESKTOP-E4GP2AI" name="parallelTest" tests="5" failures="0" timestamp="17 Mar 2018 22:13:21 GMT" time="43.292" errors="0">
  <testcase name="verifyfacebooklink" time="8.585" classname="com.amtrak.Amtrak.addtoCart.VerifyFacebookTC001"/>
  <testcase name="testLogIn" time="4.266" classname="com.amtrak.Amtrak.homepage.TC002_VerifyRegistration"/>
  <testcase name="testLogIn" time="3.736" classname="com.amtrak.Amtrak.homepage.AMTC001"/>
  <testcase name="testClick" time="0.9" classname="com.amtrak.Amtrak.homepage.AMTC3WellsFargo"/>
  <testcase name="testLogIn" time="0.661" classname="com.amtrak.Amtrak.homepage.AMTC3WellsFargo"/>
</testsuite> <!-- parallelTest -->
