<?xml version="1.0" encoding="UTF-8"?>
<!-- Generated by org.testng.reporters.JUnitXMLReporter -->
<testsuite hostname="DESKTOP-E4GP2AI" name="verifyFacebook" tests="1" failures="1" timestamp="18 Mar 2018 22:12:53 GMT" time="16.883" errors="0">
  <testcase name="verifyfacebooklink" time="7.816" classname="com.amtrak.Amtrak.addtoCart.VerifyFacebookTC001">
    <failure type="java.lang.AssertionError" message="expected [false] but found [true]">
      <![CDATA[java.lang.AssertionError: expected [false] but found [true]
	at com.amtrak.Amtrak.addtoCart.VerifyFacebookTC001.verifyfacebooklink(VerifyFacebookTC001.java:47)
	at java.util.concurrent.ThreadPoolExecutor.runWorker(ThreadPoolExecutor.java:1149)
	at java.util.concurrent.ThreadPoolExecutor$Worker.run(ThreadPoolExecutor.java:624)
	at java.lang.Thread.run(Thread.java:748)
... Removed 16 stack frames]]>
    </failure>
  </testcase> <!-- verifyfacebooklink -->
</testsuite> <!-- verifyFacebook -->
